
**** Build of configuration Debug for project OutOfBox_MSP430FR6989 ****

"C:\\ti\\ccsv7\\utils\\bin\\gmake" -k -j 4 all -O 
'Building file: ../hal_LCD.c'
'Invoking: MSP430 Compiler'
"C:/ti/ccsv7/tools/compiler/ti-cgt-msp430_16.9.4.LTS/bin/cl430" -vmspx --data_model=restricted --use_hw_mpy=F5 --include_path="C:/ti/ccsv7/ccs_base/msp430/include" --include_path="C:/Users/nomad/OneDrive/Documents/School/Rowan/Embedded/Milestone1/Milestone_StrangerThings/OutOfBox_MSP430FR6989" --include_path="C:/Users/nomad/OneDrive/Documents/School/Rowan/Embedded/Milestone1/Milestone_StrangerThings/OutOfBox_MSP430FR6989/driverlib/MSP430FR5xx_6xx" --include_path="C:/ti/ccsv7/tools/compiler/ti-cgt-msp430_16.9.4.LTS/include" --advice:power=all --advice:hw_config=all --define=__MSP430FR6989__ --define=_MPU_ENABLE -g --printf_support=minimal --diag_warning=225 --diag_wrap=off --display_error_number --silicon_errata=CPU21 --silicon_errata=CPU22 --silicon_errata=CPU40 --preproc_with_compile --preproc_dependency="hal_LCD.d"  "../hal_LCD.c"
"../hal_LCD.c", line 99: remark #1546-D: (ULP 15.1) Detected consecutive bitfield assigns. Recommend using bit mask instead
"../hal_LCD.c", line 100: remark #1546-D: (ULP 15.1) Detected consecutive bitfield assigns. Recommend using bit mask instead
"../hal_LCD.c", line 101: remark #1546-D: (ULP 15.1) Detected consecutive bitfield assigns. Recommend using bit mask instead
"../hal_LCD.c", line 102: remark #1546-D: (ULP 15.1) Detected consecutive bitfield assigns. Recommend using bit mask instead
"../hal_LCD.c", line 103: remark #1546-D: (ULP 15.1) Detected consecutive bitfield assigns. Recommend using bit mask instead
"../hal_LCD.c", line 145: remark #1544-D: (ULP 13.1) Detected loop counting up. Recommend loops count down as detecting zeros is easier
"../hal_LCD.c", line 150: remark #1544-D: (ULP 13.1) Detected loop counting up. Recommend loops count down as detecting zeros is easier
"../hal_LCD.c", line 151: remark #2553-D: (ULP 14.1) Array index (involving "t") of type "int". Recommend using "unsigned int"
"../hal_LCD.c", line 153: remark #1544-D: (ULP 13.1) Detected loop counting up. Recommend loops count down as detecting zeros is easier
"../hal_LCD.c", line 156: remark #1545-D: (ULP 14.1) Array index of type "int". Recommend using "unsigned int"
"../hal_LCD.c", line 156: remark #2553-D: (ULP 14.1) Array index (involving "j") of type "int". Recommend using "unsigned int"
"../hal_LCD.c", line 167: remark #1527-D: (ULP 2.1) Detected SW delay loop using __delay_cycles. Recommend using a timer module instead
"../hal_LCD.c", line 150: remark #1544-D: (ULP 13.1) Detected loop counting up. Recommend loops count down as detecting zeros is easier
"../hal_LCD.c", line 151: remark #2553-D: (ULP 14.1) Array index (involving "t") of type "int". Recommend using "unsigned int"
"../hal_LCD.c", line 153: remark #1544-D: (ULP 13.1) Detected loop counting up. Recommend loops count down as detecting zeros is easier
"../hal_LCD.c", line 156: remark #1545-D: (ULP 14.1) Array index of type "int". Recommend using "unsigned int"
"../hal_LCD.c", line 156: remark #2553-D: (ULP 14.1) Array index (involving "j") of type "int". Recommend using "unsigned int"
"../hal_LCD.c", line 167: remark #1527-D: (ULP 2.1) Detected SW delay loop using __delay_cycles. Recommend using a timer module instead
"../hal_LCD.c", line 180: remark #2553-D: (ULP 14.1) Array index (involving "position") of type "int". Recommend using "unsigned int"
"../hal_LCD.c", line 181: remark #2553-D: (ULP 14.1) Array index (involving "position") of type "int". Recommend using "unsigned int"
"../hal_LCD.c", line 186: remark #2553-D: (ULP 14.1) Array index (involving "position") of type "int". Recommend using "unsigned int"
"../hal_LCD.c", line 186: remark #2553-D: (ULP 14.1) Array index (involving "c") of type "int". Recommend using "unsigned int"
"../hal_LCD.c", line 187: remark #2553-D: (ULP 14.1) Array index (involving "position") of type "int". Recommend using "unsigned int"
"../hal_LCD.c", line 187: remark #2553-D: (ULP 14.1) Array index (involving "c") of type "int". Recommend using "unsigned int"
"../hal_LCD.c", line 192: remark #2553-D: (ULP 14.1) Array index (involving "position") of type "int". Recommend using "unsigned int"
"../hal_LCD.c", line 192: remark #2553-D: (ULP 14.1) Array index (involving "c") of type "int". Recommend using "unsigned int"
"../hal_LCD.c", line 193: remark #2553-D: (ULP 14.1) Array index (involving "position") of type "int". Recommend using "unsigned int"
"../hal_LCD.c", line 193: remark #2553-D: (ULP 14.1) Array index (involving "c") of type "int". Recommend using "unsigned int"
"../hal_LCD.c", line 198: remark #2553-D: (ULP 14.1) Array index (involving "position") of type "int". Recommend using "unsigned int"
"../hal_LCD.c", line 199: remark #2553-D: (ULP 14.1) Array index (involving "position") of type "int". Recommend using "unsigned int"
'Finished building: ../hal_LCD.c'
' '
'Building file: ../TempSensorMode.c'
'Invoking: MSP430 Compiler'
"C:/ti/ccsv7/tools/compiler/ti-cgt-msp430_16.9.4.LTS/bin/cl430" -vmspx --data_model=restricted --use_hw_mpy=F5 --include_path="C:/ti/ccsv7/ccs_base/msp430/include" --include_path="C:/Users/nomad/OneDrive/Documents/School/Rowan/Embedded/Milestone1/Milestone_StrangerThings/OutOfBox_MSP430FR6989" --include_path="C:/Users/nomad/OneDrive/Documents/School/Rowan/Embedded/Milestone1/Milestone_StrangerThings/OutOfBox_MSP430FR6989/driverlib/MSP430FR5xx_6xx" --include_path="C:/ti/ccsv7/tools/compiler/ti-cgt-msp430_16.9.4.LTS/include" --advice:power=all --advice:hw_config=all --define=__MSP430FR6989__ --define=_MPU_ENABLE -g --printf_support=minimal --diag_warning=225 --diag_wrap=off --display_error_number --silicon_errata=CPU21 --silicon_errata=CPU22 --silicon_errata=CPU40 --preproc_with_compile --preproc_dependency="TempSensorMode.d"  "../TempSensorMode.c"
"../TempSensorMode.c", line 86: remark #1530-D: (ULP 5.1) Detected divide operation(s). Recommend moving them to RAM during run time or not using as these are processing/power intensive
"../TempSensorMode.c", line 87: remark #1530-D: (ULP 5.1) Detected divide operation(s). Recommend moving them to RAM during run time or not using as these are processing/power intensive
"../TempSensorMode.c", line 115: remark #1527-D: (ULP 2.1) Detected SW delay loop using empty loop. Recommend using a timer module instead
"../TempSensorMode.c", line 127: remark #1546-D: (ULP 15.1) Detected consecutive bitfield assigns. Recommend using bit mask instead
"../TempSensorMode.c", line 128: remark #1546-D: (ULP 15.1) Detected consecutive bitfield assigns. Recommend using bit mask instead
"../TempSensorMode.c", line 129: remark #1546-D: (ULP 15.1) Detected consecutive bitfield assigns. Recommend using bit mask instead
"../TempSensorMode.c", line 130: remark #1546-D: (ULP 15.1) Detected consecutive bitfield assigns. Recommend using bit mask instead
"../TempSensorMode.c", line 158: remark #1546-D: (ULP 15.1) Detected consecutive bitfield assigns. Recommend using bit mask instead
"../TempSensorMode.c", line 159: remark #1546-D: (ULP 15.1) Detected consecutive bitfield assigns. Recommend using bit mask instead
"../TempSensorMode.c", line 161: remark #1546-D: (ULP 15.1) Detected consecutive bitfield assigns. Recommend using bit mask instead
"../TempSensorMode.c", line 162: remark #1546-D: (ULP 15.1) Detected consecutive bitfield assigns. Recommend using bit mask instead
"../TempSensorMode.c", line 164: remark #1546-D: (ULP 15.1) Detected consecutive bitfield assigns. Recommend using bit mask instead
"../TempSensorMode.c", line 227: remark #1530-D: (ULP 5.1) Detected modulo operation(s). Recommend moving them to RAM during run time or not using as these are processing/power intensive
"../TempSensorMode.c", line 229: remark #1530-D: (ULP 5.1) Detected modulo operation(s). Recommend moving them to RAM during run time or not using as these are processing/power intensive
"../TempSensorMode.c", line 231: remark #1530-D: (ULP 5.1) Detected modulo operation(s). Recommend moving them to RAM during run time or not using as these are processing/power intensive
"../TempSensorMode.c", line 233: remark #1530-D: (ULP 5.1) Detected modulo operation(s). Recommend moving them to RAM during run time or not using as these are processing/power intensive
'Finished building: ../TempSensorMode.c'
' '
'Building file: ../StopWatchMode.c'
'Invoking: MSP430 Compiler'
"C:/ti/ccsv7/tools/compiler/ti-cgt-msp430_16.9.4.LTS/bin/cl430" -vmspx --data_model=restricted --use_hw_mpy=F5 --include_path="C:/ti/ccsv7/ccs_base/msp430/include" --include_path="C:/Users/nomad/OneDrive/Documents/School/Rowan/Embedded/Milestone1/Milestone_StrangerThings/OutOfBox_MSP430FR6989" --include_path="C:/Users/nomad/OneDrive/Documents/School/Rowan/Embedded/Milestone1/Milestone_StrangerThings/OutOfBox_MSP430FR6989/driverlib/MSP430FR5xx_6xx" --include_path="C:/ti/ccsv7/tools/compiler/ti-cgt-msp430_16.9.4.LTS/include" --advice:power=all --advice:hw_config=all --define=__MSP430FR6989__ --define=_MPU_ENABLE -g --printf_support=minimal --diag_warning=225 --diag_wrap=off --display_error_number --silicon_errata=CPU21 --silicon_errata=CPU22 --silicon_errata=CPU40 --preproc_with_compile --preproc_dependency="StopWatchMode.d"  "../StopWatchMode.c"
"../StopWatchMode.c", line 100: remark #1546-D: (ULP 15.1) Detected consecutive bitfield assigns. Recommend using bit mask instead
"../StopWatchMode.c", line 101: remark #1546-D: (ULP 15.1) Detected consecutive bitfield assigns. Recommend using bit mask instead
"../StopWatchMode.c", line 102: remark #1546-D: (ULP 15.1) Detected consecutive bitfield assigns. Recommend using bit mask instead
"../StopWatchMode.c", line 103: remark #1546-D: (ULP 15.1) Detected consecutive bitfield assigns. Recommend using bit mask instead
"../StopWatchMode.c", line 104: remark #1546-D: (ULP 15.1) Detected consecutive bitfield assigns. Recommend using bit mask instead
"../StopWatchMode.c", line 105: remark #1546-D: (ULP 15.1) Detected consecutive bitfield assigns. Recommend using bit mask instead
"../StopWatchMode.c", line 123: remark #1530-D: (ULP 5.1) Detected modulo operation(s). Recommend moving them to RAM during run time or not using as these are processing/power intensive
"../StopWatchMode.c", line 124: remark #1530-D: (ULP 5.1) Detected divide operation(s). Recommend moving them to RAM during run time or not using as these are processing/power intensive
"../StopWatchMode.c", line 125: remark #1530-D: (ULP 5.1) Detected modulo operation(s). Recommend moving them to RAM during run time or not using as these are processing/power intensive
"../StopWatchMode.c", line 126: remark #1530-D: (ULP 5.1) Detected divide operation(s). Recommend moving them to RAM during run time or not using as these are processing/power intensive
"../StopWatchMode.c", line 127: remark #1530-D: (ULP 5.1) Detected modulo operation(s). Recommend moving them to RAM during run time or not using as these are processing/power intensive
"../StopWatchMode.c", line 128: remark #1530-D: (ULP 5.1) Detected divide operation(s). Recommend moving them to RAM during run time or not using as these are processing/power intensive
"../StopWatchMode.c", line 136: remark #1530-D: (ULP 5.1) Detected modulo operation(s). Recommend moving them to RAM during run time or not using as these are processing/power intensive
"../StopWatchMode.c", line 137: remark #1530-D: (ULP 5.1) Detected divide operation(s). Recommend moving them to RAM during run time or not using as these are processing/power intensive
"../StopWatchMode.c", line 138: remark #1530-D: (ULP 5.1) Detected modulo operation(s). Recommend moving them to RAM during run time or not using as these are processing/power intensive
"../StopWatchMode.c", line 139: remark #1530-D: (ULP 5.1) Detected divide operation(s). Recommend moving them to RAM during run time or not using as these are processing/power intensive
"../StopWatchMode.c", line 140: remark #1530-D: (ULP 5.1) Detected modulo operation(s). Recommend moving them to RAM during run time or not using as these are processing/power intensive
"../StopWatchMode.c", line 141: remark #1530-D: (ULP 5.1) Detected divide operation(s). Recommend moving them to RAM during run time or not using as these are processing/power intensive
"../StopWatchMode.c", line 145: remark #1530-D: (ULP 5.1) Detected divide operation(s). Recommend moving them to RAM during run time or not using as these are processing/power intensive
"../StopWatchMode.c", line 150: remark #1530-D: (ULP 5.1) Detected divide operation(s). Recommend moving them to RAM during run time or not using as these are processing/power intensive
'Finished building: ../StopWatchMode.c'
' '
'Building file: ../main.c'
'Invoking: MSP430 Compiler'
"C:/ti/ccsv7/tools/compiler/ti-cgt-msp430_16.9.4.LTS/bin/cl430" -vmspx --data_model=restricted --use_hw_mpy=F5 --include_path="C:/ti/ccsv7/ccs_base/msp430/include" --include_path="C:/Users/nomad/OneDrive/Documents/School/Rowan/Embedded/Milestone1/Milestone_StrangerThings/OutOfBox_MSP430FR6989" --include_path="C:/Users/nomad/OneDrive/Documents/School/Rowan/Embedded/Milestone1/Milestone_StrangerThings/OutOfBox_MSP430FR6989/driverlib/MSP430FR5xx_6xx" --include_path="C:/ti/ccsv7/tools/compiler/ti-cgt-msp430_16.9.4.LTS/include" --advice:power=all --advice:hw_config=all --define=__MSP430FR6989__ --define=_MPU_ENABLE -g --printf_support=minimal --diag_warning=225 --diag_wrap=off --display_error_number --silicon_errata=CPU21 --silicon_errata=CPU22 --silicon_errata=CPU40 --preproc_with_compile --preproc_dependency="main.d"  "../main.c"
"../main.c", line 296: remark #1538-D: (ULP 10.1) ISR PORT1_ISR calls function RTC_C_startClock. Recommend moving function call away from ISR, or inlining the function, or using pragmas
"../main.c", line 298: remark #1538-D: (ULP 10.1) ISR PORT1_ISR calls function RTC_C_holdClock. Recommend moving function call away from ISR, or inlining the function, or using pragmas
"../main.c", line 306: remark #1538-D: (ULP 10.1) ISR PORT1_ISR calls function ADC12_B_startConversion. Recommend moving function call away from ISR, or inlining the function, or using pragmas
"../main.c", line 309: remark #1538-D: (ULP 10.1) ISR PORT1_ISR calls function ADC12_B_disableConversions. Recommend moving function call away from ISR, or inlining the function, or using pragmas
"../main.c", line 313: remark #1538-D: (ULP 10.1) ISR PORT1_ISR calls function Timer_A_initUpMode. Recommend moving function call away from ISR, or inlining the function, or using pragmas
"../main.c", line 332: remark #1538-D: (ULP 10.1) ISR PORT1_ISR calls function resetStopWatch. Recommend moving function call away from ISR, or inlining the function, or using pragmas
"../main.c", line 360: remark #1538-D: (ULP 10.1) ISR PORT1_ISR calls function displayTemp. Recommend moving function call away from ISR, or inlining the function, or using pragmas
"../main.c", line 365: remark #1538-D: (ULP 10.1) ISR PORT1_ISR calls function Timer_A_initUpMode. Recommend moving function call away from ISR, or inlining the function, or using pragmas
"../main.c", line 390: remark #1538-D: (ULP 10.1) ISR TIMER0_A0_ISR calls function Timer_A_stop. Recommend moving function call away from ISR, or inlining the function, or using pragmas
"../main.c", line 400: remark #1538-D: (ULP 10.1) ISR TIMER0_A0_ISR calls function RTC_C_holdClock. Recommend moving function call away from ISR, or inlining the function, or using pragmas
"../main.c", line 407: remark #1538-D: (ULP 10.1) ISR TIMER0_A0_ISR calls function ADC12_B_disable. Recommend moving function call away from ISR, or inlining the function, or using pragmas
"../main.c", line 408: remark #1538-D: (ULP 10.1) ISR TIMER0_A0_ISR calls function ADC12_B_disableConversions. Recommend moving function call away from ISR, or inlining the function, or using pragmas
"../main.c", line 410: remark #1538-D: (ULP 10.1) ISR TIMER0_A0_ISR calls function Timer_A_stop. Recommend moving function call away from ISR, or inlining the function, or using pragmas
"../main.c", line 434: remark #1538-D: (ULP 10.1) ISR TIMER0_A0_ISR calls function Timer_A_stop. Recommend moving function call away from ISR, or inlining the function, or using pragmas
"../main.c", line 457: remark #1538-D: (ULP 10.1) ISR ADC12_ISR calls function ADC12_B_clearInterrupt. Recommend moving function call away from ISR, or inlining the function, or using pragmas
'Finished building: ../main.c'
' '
'Building file: ../driverlib/MSP430FR5xx_6xx/crc.c'
'Invoking: MSP430 Compiler'
"C:/ti/ccsv7/tools/compiler/ti-cgt-msp430_16.9.4.LTS/bin/cl430" -vmspx --data_model=restricted --use_hw_mpy=F5 --include_path="C:/ti/ccsv7/ccs_base/msp430/include" --include_path="C:/Users/nomad/OneDrive/Documents/School/Rowan/Embedded/Milestone1/Milestone_StrangerThings/OutOfBox_MSP430FR6989" --include_path="C:/Users/nomad/OneDrive/Documents/School/Rowan/Embedded/Milestone1/Milestone_StrangerThings/OutOfBox_MSP430FR6989/driverlib/MSP430FR5xx_6xx" --include_path="C:/ti/ccsv7/tools/compiler/ti-cgt-msp430_16.9.4.LTS/include" --advice:power=all --advice:hw_config=all --define=__MSP430FR6989__ --define=_MPU_ENABLE -g --printf_support=minimal --diag_warning=225 --diag_wrap=off --display_error_number --silicon_errata=CPU21 --silicon_errata=CPU22 --silicon_errata=CPU40 --preproc_with_compile --preproc_dependency="driverlib/MSP430FR5xx_6xx/crc.d" --obj_directory="driverlib/MSP430FR5xx_6xx"  "../driverlib/MSP430FR5xx_6xx/crc.c"
'Finished building: ../driverlib/MSP430FR5xx_6xx/crc.c'
' '
'Building file: ../driverlib/MSP430FR5xx_6xx/adc12_b.c'
'Invoking: MSP430 Compiler'
"C:/ti/ccsv7/tools/compiler/ti-cgt-msp430_16.9.4.LTS/bin/cl430" -vmspx --data_model=restricted --use_hw_mpy=F5 --include_path="C:/ti/ccsv7/ccs_base/msp430/include" --include_path="C:/Users/nomad/OneDrive/Documents/School/Rowan/Embedded/Milestone1/Milestone_StrangerThings/OutOfBox_MSP430FR6989" --include_path="C:/Users/nomad/OneDrive/Documents/School/Rowan/Embedded/Milestone1/Milestone_StrangerThings/OutOfBox_MSP430FR6989/driverlib/MSP430FR5xx_6xx" --include_path="C:/ti/ccsv7/tools/compiler/ti-cgt-msp430_16.9.4.LTS/include" --advice:power=all --advice:hw_config=all --define=__MSP430FR6989__ --define=_MPU_ENABLE -g --printf_support=minimal --diag_warning=225 --diag_wrap=off --display_error_number --silicon_errata=CPU21 --silicon_errata=CPU22 --silicon_errata=CPU40 --preproc_with_compile --preproc_dependency="driverlib/MSP430FR5xx_6xx/adc12_b.d" --obj_directory="driverlib/MSP430FR5xx_6xx"  "../driverlib/MSP430FR5xx_6xx/adc12_b.c"
"../driverlib/MSP430FR5xx_6xx/adc12_b.c", line 59: remark #1535-D: (ULP 8.1) variable "retVal" is used as a constant. Recommend declaring variable as either 'static const' or 'const'
"../driverlib/MSP430FR5xx_6xx/adc12_b.c", line 228: remark #1527-D: (ULP 2.1) Detected SW delay loop using empty loop. Recommend using a timer module instead
'Finished building: ../driverlib/MSP430FR5xx_6xx/adc12_b.c'
' '
'Building file: ../driverlib/MSP430FR5xx_6xx/aes256.c'
'Invoking: MSP430 Compiler'
"C:/ti/ccsv7/tools/compiler/ti-cgt-msp430_16.9.4.LTS/bin/cl430" -vmspx --data_model=restricted --use_hw_mpy=F5 --include_path="C:/ti/ccsv7/ccs_base/msp430/include" --include_path="C:/Users/nomad/OneDrive/Documents/School/Rowan/Embedded/Milestone1/Milestone_StrangerThings/OutOfBox_MSP430FR6989" --include_path="C:/Users/nomad/OneDrive/Documents/School/Rowan/Embedded/Milestone1/Milestone_StrangerThings/OutOfBox_MSP430FR6989/driverlib/MSP430FR5xx_6xx" --include_path="C:/ti/ccsv7/tools/compiler/ti-cgt-msp430_16.9.4.LTS/include" --advice:power=all --advice:hw_config=all --define=__MSP430FR6989__ --define=_MPU_ENABLE -g --printf_support=minimal --diag_warning=225 --diag_wrap=off --display_error_number --silicon_errata=CPU21 --silicon_errata=CPU22 --silicon_errata=CPU40 --preproc_with_compile --preproc_dependency="driverlib/MSP430FR5xx_6xx/aes256.d" --obj_directory="driverlib/MSP430FR5xx_6xx"  "../driverlib/MSP430FR5xx_6xx/aes256.c"
"../driverlib/MSP430FR5xx_6xx/aes256.c", line 80: remark #1530-D: (ULP 5.1) Detected divide operation(s). Recommend moving them to RAM during run time or not using as these are processing/power intensive
"../driverlib/MSP430FR5xx_6xx/aes256.c", line 85: remark #2553-D: (ULP 14.1) Array index (involving "i") of type "int". Recommend using "unsigned int"
"../driverlib/MSP430FR5xx_6xx/aes256.c", line 90: remark #1527-D: (ULP 2.1) Detected SW delay loop using empty loop. Recommend using a timer module instead
"../driverlib/MSP430FR5xx_6xx/aes256.c", line 121: remark #1528-D: (ULP 3.1) Detected flag polling using AESBUSY. Recommend using an interrupt combined with enter LPMx and ISR
"../driverlib/MSP430FR5xx_6xx/aes256.c", line 112: remark #2553-D: (ULP 14.1) Array index (involving "i") of type "int". Recommend using "unsigned int"
"../driverlib/MSP430FR5xx_6xx/aes256.c", line 159: remark #1528-D: (ULP 3.1) Detected flag polling using AESBUSY. Recommend using an interrupt combined with enter LPMx and ISR
"../driverlib/MSP430FR5xx_6xx/aes256.c", line 149: remark #2553-D: (ULP 14.1) Array index (involving "i") of type "int". Recommend using "unsigned int"
"../driverlib/MSP430FR5xx_6xx/aes256.c", line 213: remark #1528-D: (ULP 3.1) Detected flag polling using AESBUSY. Recommend using an interrupt combined with enter LPMx and ISR
"../driverlib/MSP430FR5xx_6xx/aes256.c", line 202: remark #1530-D: (ULP 5.1) Detected divide operation(s). Recommend moving them to RAM during run time or not using as these are processing/power intensive
"../driverlib/MSP430FR5xx_6xx/aes256.c", line 208: remark #2553-D: (ULP 14.1) Array index (involving "i") of type "int". Recommend using "unsigned int"
"../driverlib/MSP430FR5xx_6xx/aes256.c", line 259: remark #2553-D: (ULP 14.1) Array index (involving "i") of type "int". Recommend using "unsigned int"
"../driverlib/MSP430FR5xx_6xx/aes256.c", line 280: remark #2553-D: (ULP 14.1) Array index (involving "i") of type "int". Recommend using "unsigned int"
"../driverlib/MSP430FR5xx_6xx/aes256.c", line 318: remark #1530-D: (ULP 5.1) Detected divide operation(s). Recommend moving them to RAM during run time or not using as these are processing/power intensive
"../driverlib/MSP430FR5xx_6xx/aes256.c", line 324: remark #2553-D: (ULP 14.1) Array index (involving "i") of type "int". Recommend using "unsigned int"
'Finished building: ../driverlib/MSP430FR5xx_6xx/aes256.c'
' '
'Building file: ../driverlib/MSP430FR5xx_6xx/comp_e.c'
'Invoking: MSP430 Compiler'
"C:/ti/ccsv7/tools/compiler/ti-cgt-msp430_16.9.4.LTS/bin/cl430" -vmspx --data_model=restricted --use_hw_mpy=F5 --include_path="C:/ti/ccsv7/ccs_base/msp430/include" --include_path="C:/Users/nomad/OneDrive/Documents/School/Rowan/Embedded/Milestone1/Milestone_StrangerThings/OutOfBox_MSP430FR6989" --include_path="C:/Users/nomad/OneDrive/Documents/School/Rowan/Embedded/Milestone1/Milestone_StrangerThings/OutOfBox_MSP430FR6989/driverlib/MSP430FR5xx_6xx" --include_path="C:/ti/ccsv7/tools/compiler/ti-cgt-msp430_16.9.4.LTS/include" --advice:power=all --advice:hw_config=all --define=__MSP430FR6989__ --define=_MPU_ENABLE -g --printf_support=minimal --diag_warning=225 --diag_wrap=off --display_error_number --silicon_errata=CPU21 --silicon_errata=CPU22 --silicon_errata=CPU40 --preproc_with_compile --preproc_dependency="driverlib/MSP430FR5xx_6xx/comp_e.d" --obj_directory="driverlib/MSP430FR5xx_6xx"  "../driverlib/MSP430FR5xx_6xx/comp_e.c"
"../driverlib/MSP430FR5xx_6xx/comp_e.c", line 103: remark #1535-D: (ULP 8.1) variable "retVal" is used as a constant. Recommend declaring variable as either 'static const' or 'const'
'Finished building: ../driverlib/MSP430FR5xx_6xx/comp_e.c'
' '
'Building file: ../driverlib/MSP430FR5xx_6xx/crc32.c'
'Invoking: MSP430 Compiler'
"C:/ti/ccsv7/tools/compiler/ti-cgt-msp430_16.9.4.LTS/bin/cl430" -vmspx --data_model=restricted --use_hw_mpy=F5 --include_path="C:/ti/ccsv7/ccs_base/msp430/include" --include_path="C:/Users/nomad/OneDrive/Documents/School/Rowan/Embedded/Milestone1/Milestone_StrangerThings/OutOfBox_MSP430FR6989" --include_path="C:/Users/nomad/OneDrive/Documents/School/Rowan/Embedded/Milestone1/Milestone_StrangerThings/OutOfBox_MSP430FR6989/driverlib/MSP430FR5xx_6xx" --include_path="C:/ti/ccsv7/tools/compiler/ti-cgt-msp430_16.9.4.LTS/include" --advice:power=all --advice:hw_config=all --define=__MSP430FR6989__ --define=_MPU_ENABLE -g --printf_support=minimal --diag_warning=225 --diag_wrap=off --display_error_number --silicon_errata=CPU21 --silicon_errata=CPU22 --silicon_errata=CPU40 --preproc_with_compile --preproc_dependency="driverlib/MSP430FR5xx_6xx/crc32.d" --obj_directory="driverlib/MSP430FR5xx_6xx"  "../driverlib/MSP430FR5xx_6xx/crc32.c"
'Finished building: ../driverlib/MSP430FR5xx_6xx/crc32.c'
' '
'Building file: ../driverlib/MSP430FR5xx_6xx/dma.c'
'Invoking: MSP430 Compiler'
"C:/ti/ccsv7/tools/compiler/ti-cgt-msp430_16.9.4.LTS/bin/cl430" -vmspx --data_model=restricted --use_hw_mpy=F5 --include_path="C:/ti/ccsv7/ccs_base/msp430/include" --include_path="C:/Users/nomad/OneDrive/Documents/School/Rowan/Embedded/Milestone1/Milestone_StrangerThings/OutOfBox_MSP430FR6989" --include_path="C:/Users/nomad/OneDrive/Documents/School/Rowan/Embedded/Milestone1/Milestone_StrangerThings/OutOfBox_MSP430FR6989/driverlib/MSP430FR5xx_6xx" --include_path="C:/ti/ccsv7/tools/compiler/ti-cgt-msp430_16.9.4.LTS/include" --advice:power=all --advice:hw_config=all --define=__MSP430FR6989__ --define=_MPU_ENABLE -g --printf_support=minimal --diag_warning=225 --diag_wrap=off --display_error_number --silicon_errata=CPU21 --silicon_errata=CPU22 --silicon_errata=CPU40 --preproc_with_compile --preproc_dependency="driverlib/MSP430FR5xx_6xx/dma.d" --obj_directory="driverlib/MSP430FR5xx_6xx"  "../driverlib/MSP430FR5xx_6xx/dma.c"
'Finished building: ../driverlib/MSP430FR5xx_6xx/dma.c'
' '
'Building file: ../driverlib/MSP430FR5xx_6xx/cs.c'
'Invoking: MSP430 Compiler'
"C:/ti/ccsv7/tools/compiler/ti-cgt-msp430_16.9.4.LTS/bin/cl430" -vmspx --data_model=restricted --use_hw_mpy=F5 --include_path="C:/ti/ccsv7/ccs_base/msp430/include" --include_path="C:/Users/nomad/OneDrive/Documents/School/Rowan/Embedded/Milestone1/Milestone_StrangerThings/OutOfBox_MSP430FR6989" --include_path="C:/Users/nomad/OneDrive/Documents/School/Rowan/Embedded/Milestone1/Milestone_StrangerThings/OutOfBox_MSP430FR6989/driverlib/MSP430FR5xx_6xx" --include_path="C:/ti/ccsv7/tools/compiler/ti-cgt-msp430_16.9.4.LTS/include" --advice:power=all --advice:hw_config=all --define=__MSP430FR6989__ --define=_MPU_ENABLE -g --printf_support=minimal --diag_warning=225 --diag_wrap=off --display_error_number --silicon_errata=CPU21 --silicon_errata=CPU22 --silicon_errata=CPU40 --preproc_with_compile --preproc_dependency="driverlib/MSP430FR5xx_6xx/cs.d" --obj_directory="driverlib/MSP430FR5xx_6xx"  "../driverlib/MSP430FR5xx_6xx/cs.c"
"../driverlib/MSP430FR5xx_6xx/cs.c", line 121: remark #1530-D: (ULP 5.1) Detected divide operation(s). Recommend moving them to RAM during run time or not using as these are processing/power intensive
"../driverlib/MSP430FR5xx_6xx/cs.c", line 124: remark #1530-D: (ULP 5.1) Detected divide operation(s). Recommend moving them to RAM during run time or not using as these are processing/power intensive
"../driverlib/MSP430FR5xx_6xx/cs.c", line 127: remark #1530-D: (ULP 5.1) Detected divide operation(s). Recommend moving them to RAM during run time or not using as these are processing/power intensive
"../driverlib/MSP430FR5xx_6xx/cs.c", line 130: remark #1530-D: (ULP 5.1) Detected divide operation(s). Recommend moving them to RAM during run time or not using as these are processing/power intensive
"../driverlib/MSP430FR5xx_6xx/cs.c", line 133: remark #1530-D: (ULP 5.1) Detected divide operation(s). Recommend moving them to RAM during run time or not using as these are processing/power intensive
"../driverlib/MSP430FR5xx_6xx/cs.c", line 136: remark #1530-D: (ULP 5.1) Detected divide operation(s). Recommend moving them to RAM during run time or not using as these are processing/power intensive
"../driverlib/MSP430FR5xx_6xx/cs.c", line 140: remark #1530-D: (ULP 5.1) Detected divide operation(s). Recommend moving them to RAM during run time or not using as these are processing/power intensive
"../driverlib/MSP430FR5xx_6xx/cs.c", line 152: remark #1530-D: (ULP 5.1) Detected divide operation(s). Recommend moving them to RAM during run time or not using as these are processing/power intensive
"../driverlib/MSP430FR5xx_6xx/cs.c", line 155: remark #1530-D: (ULP 5.1) Detected divide operation(s). Recommend moving them to RAM during run time or not using as these are processing/power intensive
"../driverlib/MSP430FR5xx_6xx/cs.c", line 158: remark #1530-D: (ULP 5.1) Detected divide operation(s). Recommend moving them to RAM during run time or not using as these are processing/power intensive
"../driverlib/MSP430FR5xx_6xx/cs.c", line 161: remark #1530-D: (ULP 5.1) Detected divide operation(s). Recommend moving them to RAM during run time or not using as these are processing/power intensive
"../driverlib/MSP430FR5xx_6xx/cs.c", line 164: remark #1530-D: (ULP 5.1) Detected divide operation(s). Recommend moving them to RAM during run time or not using as these are processing/power intensive
"../driverlib/MSP430FR5xx_6xx/cs.c", line 167: remark #1530-D: (ULP 5.1) Detected divide operation(s). Recommend moving them to RAM during run time or not using as these are processing/power intensive
"../driverlib/MSP430FR5xx_6xx/cs.c", line 171: remark #1530-D: (ULP 5.1) Detected divide operation(s). Recommend moving them to RAM during run time or not using as these are processing/power intensive
"../driverlib/MSP430FR5xx_6xx/cs.c", line 190: remark #1544-D: (ULP 13.1) Detected loop counting up. Recommend loops count down as detecting zeros is easier
"../driverlib/MSP430FR5xx_6xx/cs.c", line 203: remark #1530-D: (ULP 5.1) Detected divide operation(s). Recommend moving them to RAM during run time or not using as these are processing/power intensive
"../driverlib/MSP430FR5xx_6xx/cs.c", line 223: remark #1530-D: (ULP 5.1) Detected divide operation(s). Recommend moving them to RAM during run time or not using as these are processing/power intensive
"../driverlib/MSP430FR5xx_6xx/cs.c", line 228: remark #1530-D: (ULP 5.1) Detected divide operation(s). Recommend moving them to RAM during run time or not using as these are processing/power intensive
"../driverlib/MSP430FR5xx_6xx/cs.c", line 240: remark #1530-D: (ULP 5.1) Detected divide operation(s). Recommend moving them to RAM during run time or not using as these are processing/power intensive
"../driverlib/MSP430FR5xx_6xx/cs.c", line 246: remark #1530-D: (ULP 5.1) Detected divide operation(s). Recommend moving them to RAM during run time or not using as these are processing/power intensive
'Finished building: ../driverlib/MSP430FR5xx_6xx/cs.c'
' '
'Building file: ../driverlib/MSP430FR5xx_6xx/eusci_a_spi.c'
'Invoking: MSP430 Compiler'
"C:/ti/ccsv7/tools/compiler/ti-cgt-msp430_16.9.4.LTS/bin/cl430" -vmspx --data_model=restricted --use_hw_mpy=F5 --include_path="C:/ti/ccsv7/ccs_base/msp430/include" --include_path="C:/Users/nomad/OneDrive/Documents/School/Rowan/Embedded/Milestone1/Milestone_StrangerThings/OutOfBox_MSP430FR6989" --include_path="C:/Users/nomad/OneDrive/Documents/School/Rowan/Embedded/Milestone1/Milestone_StrangerThings/OutOfBox_MSP430FR6989/driverlib/MSP430FR5xx_6xx" --include_path="C:/ti/ccsv7/tools/compiler/ti-cgt-msp430_16.9.4.LTS/include" --advice:power=all --advice:hw_config=all --define=__MSP430FR6989__ --define=_MPU_ENABLE -g --printf_support=minimal --diag_warning=225 --diag_wrap=off --display_error_number --silicon_errata=CPU21 --silicon_errata=CPU22 --silicon_errata=CPU40 --preproc_with_compile --preproc_dependency="driverlib/MSP430FR5xx_6xx/eusci_a_spi.d" --obj_directory="driverlib/MSP430FR5xx_6xx"  "../driverlib/MSP430FR5xx_6xx/eusci_a_spi.c"
"../driverlib/MSP430FR5xx_6xx/eusci_a_spi.c", line 70: remark #1530-D: (ULP 5.1) Detected divide operation(s). Recommend moving them to RAM during run time or not using as these are processing/power intensive
"../driverlib/MSP430FR5xx_6xx/eusci_a_spi.c", line 105: remark #1530-D: (ULP 5.1) Detected divide operation(s). Recommend moving them to RAM during run time or not using as these are processing/power intensive
'Finished building: ../driverlib/MSP430FR5xx_6xx/eusci_a_spi.c'
' '
'Building file: ../driverlib/MSP430FR5xx_6xx/eusci_a_uart.c'
'Invoking: MSP430 Compiler'
"C:/ti/ccsv7/tools/compiler/ti-cgt-msp430_16.9.4.LTS/bin/cl430" -vmspx --data_model=restricted --use_hw_mpy=F5 --include_path="C:/ti/ccsv7/ccs_base/msp430/include" --include_path="C:/Users/nomad/OneDrive/Documents/School/Rowan/Embedded/Milestone1/Milestone_StrangerThings/OutOfBox_MSP430FR6989" --include_path="C:/Users/nomad/OneDrive/Documents/School/Rowan/Embedded/Milestone1/Milestone_StrangerThings/OutOfBox_MSP430FR6989/driverlib/MSP430FR5xx_6xx" --include_path="C:/ti/ccsv7/tools/compiler/ti-cgt-msp430_16.9.4.LTS/include" --advice:power=all --advice:hw_config=all --define=__MSP430FR6989__ --define=_MPU_ENABLE -g --printf_support=minimal --diag_warning=225 --diag_wrap=off --display_error_number --silicon_errata=CPU21 --silicon_errata=CPU22 --silicon_errata=CPU40 --preproc_with_compile --preproc_dependency="driverlib/MSP430FR5xx_6xx/eusci_a_uart.d" --obj_directory="driverlib/MSP430FR5xx_6xx"  "../driverlib/MSP430FR5xx_6xx/eusci_a_uart.c"
"../driverlib/MSP430FR5xx_6xx/eusci_a_uart.c", line 56: remark #1535-D: (ULP 8.1) variable "retVal" is used as a constant. Recommend declaring variable as either 'static const' or 'const'
"../driverlib/MSP430FR5xx_6xx/eusci_a_uart.c", line 122: remark #1528-D: (ULP 3.1) Detected flag polling using UCTXIFG. Recommend using an interrupt combined with enter LPMx and ISR
"../driverlib/MSP430FR5xx_6xx/eusci_a_uart.c", line 137: remark #1528-D: (ULP 3.1) Detected flag polling using UCRXIFG. Recommend using an interrupt combined with enter LPMx and ISR
"../driverlib/MSP430FR5xx_6xx/eusci_a_uart.c", line 252: remark #1528-D: (ULP 3.1) Detected flag polling using UCTXIFG. Recommend using an interrupt combined with enter LPMx and ISR
'Finished building: ../driverlib/MSP430FR5xx_6xx/eusci_a_uart.c'
' '
'Building file: ../driverlib/MSP430FR5xx_6xx/esi.c'
'Invoking: MSP430 Compiler'
"C:/ti/ccsv7/tools/compiler/ti-cgt-msp430_16.9.4.LTS/bin/cl430" -vmspx --data_model=restricted --use_hw_mpy=F5 --include_path="C:/ti/ccsv7/ccs_base/msp430/include" --include_path="C:/Users/nomad/OneDrive/Documents/School/Rowan/Embedded/Milestone1/Milestone_StrangerThings/OutOfBox_MSP430FR6989" --include_path="C:/Users/nomad/OneDrive/Documents/School/Rowan/Embedded/Milestone1/Milestone_StrangerThings/OutOfBox_MSP430FR6989/driverlib/MSP430FR5xx_6xx" --include_path="C:/ti/ccsv7/tools/compiler/ti-cgt-msp430_16.9.4.LTS/include" --advice:power=all --advice:hw_config=all --define=__MSP430FR6989__ --define=_MPU_ENABLE -g --printf_support=minimal --diag_warning=225 --diag_wrap=off --display_error_number --silicon_errata=CPU21 --silicon_errata=CPU22 --silicon_errata=CPU40 --preproc_with_compile --preproc_dependency="driverlib/MSP430FR5xx_6xx/esi.d" --obj_directory="driverlib/MSP430FR5xx_6xx"  "../driverlib/MSP430FR5xx_6xx/esi.c"
"../driverlib/MSP430FR5xx_6xx/esi.c", line 292: remark #1544-D: (ULP 13.1) Detected loop counting up. Recommend loops count down as detecting zeros is easier
"../driverlib/MSP430FR5xx_6xx/esi.c", line 317: remark #1530-D: (ULP 5.1) Detected divide operation(s). Recommend moving them to RAM during run time or not using as these are processing/power intensive
"../driverlib/MSP430FR5xx_6xx/esi.c", line 420: remark #1544-D: (ULP 13.1) Detected loop counting up. Recommend loops count down as detecting zeros is easier
"../driverlib/MSP430FR5xx_6xx/esi.c", line 704: remark #1527-D: (ULP 2.1) Detected SW delay loop using empty loop. Recommend using a timer module instead
"../driverlib/MSP430FR5xx_6xx/esi.c", line 811: remark #1530-D: (ULP 5.1) Detected divide operation(s). Recommend moving them to RAM during run time or not using as these are processing/power intensive
"../driverlib/MSP430FR5xx_6xx/esi.c", line 1197: remark #1544-D: (ULP 13.1) Detected loop counting up. Recommend loops count down as detecting zeros is easier
"../driverlib/MSP430FR5xx_6xx/esi.c", line 1213: remark #1544-D: (ULP 13.1) Detected loop counting up. Recommend loops count down as detecting zeros is easier
"../driverlib/MSP430FR5xx_6xx/esi.c", line 1287: remark #1544-D: (ULP 13.1) Detected loop counting up. Recommend loops count down as detecting zeros is easier
"../driverlib/MSP430FR5xx_6xx/esi.c", line 1323: remark #1544-D: (ULP 13.1) Detected loop counting up. Recommend loops count down as detecting zeros is easier
"../driverlib/MSP430FR5xx_6xx/esi.c", line 1343: remark #1544-D: (ULP 13.1) Detected loop counting up. Recommend loops count down as detecting zeros is easier
"../driverlib/MSP430FR5xx_6xx/esi.c", line 1378: remark #1544-D: (ULP 13.1) Detected loop counting up. Recommend loops count down as detecting zeros is easier
"../driverlib/MSP430FR5xx_6xx/esi.c", line 1424: remark #1544-D: (ULP 13.1) Detected loop counting up. Recommend loops count down as detecting zeros is easier
'Finished building: ../driverlib/MSP430FR5xx_6xx/esi.c'
' '
'Building file: ../driverlib/MSP430FR5xx_6xx/eusci_b_spi.c'
'Invoking: MSP430 Compiler'
"C:/ti/ccsv7/tools/compiler/ti-cgt-msp430_16.9.4.LTS/bin/cl430" -vmspx --data_model=restricted --use_hw_mpy=F5 --include_path="C:/ti/ccsv7/ccs_base/msp430/include" --include_path="C:/Users/nomad/OneDrive/Documents/School/Rowan/Embedded/Milestone1/Milestone_StrangerThings/OutOfBox_MSP430FR6989" --include_path="C:/Users/nomad/OneDrive/Documents/School/Rowan/Embedded/Milestone1/Milestone_StrangerThings/OutOfBox_MSP430FR6989/driverlib/MSP430FR5xx_6xx" --include_path="C:/ti/ccsv7/tools/compiler/ti-cgt-msp430_16.9.4.LTS/include" --advice:power=all --advice:hw_config=all --define=__MSP430FR6989__ --define=_MPU_ENABLE -g --printf_support=minimal --diag_warning=225 --diag_wrap=off --display_error_number --silicon_errata=CPU21 --silicon_errata=CPU22 --silicon_errata=CPU40 --preproc_with_compile --preproc_dependency="driverlib/MSP430FR5xx_6xx/eusci_b_spi.d" --obj_directory="driverlib/MSP430FR5xx_6xx"  "../driverlib/MSP430FR5xx_6xx/eusci_b_spi.c"
"../driverlib/MSP430FR5xx_6xx/eusci_b_spi.c", line 70: remark #1530-D: (ULP 5.1) Detected divide operation(s). Recommend moving them to RAM during run time or not using as these are processing/power intensive
"../driverlib/MSP430FR5xx_6xx/eusci_b_spi.c", line 103: remark #1530-D: (ULP 5.1) Detected divide operation(s). Recommend moving them to RAM during run time or not using as these are processing/power intensive
'Finished building: ../driverlib/MSP430FR5xx_6xx/eusci_b_spi.c'
' '
'Building file: ../driverlib/MSP430FR5xx_6xx/framctl.c'
'Invoking: MSP430 Compiler'
"C:/ti/ccsv7/tools/compiler/ti-cgt-msp430_16.9.4.LTS/bin/cl430" -vmspx --data_model=restricted --use_hw_mpy=F5 --include_path="C:/ti/ccsv7/ccs_base/msp430/include" --include_path="C:/Users/nomad/OneDrive/Documents/School/Rowan/Embedded/Milestone1/Milestone_StrangerThings/OutOfBox_MSP430FR6989" --include_path="C:/Users/nomad/OneDrive/Documents/School/Rowan/Embedded/Milestone1/Milestone_StrangerThings/OutOfBox_MSP430FR6989/driverlib/MSP430FR5xx_6xx" --include_path="C:/ti/ccsv7/tools/compiler/ti-cgt-msp430_16.9.4.LTS/include" --advice:power=all --advice:hw_config=all --define=__MSP430FR6989__ --define=_MPU_ENABLE -g --printf_support=minimal --diag_warning=225 --diag_wrap=off --display_error_number --silicon_errata=CPU21 --silicon_errata=CPU22 --silicon_errata=CPU40 --preproc_with_compile --preproc_dependency="driverlib/MSP430FR5xx_6xx/framctl.d" --obj_directory="driverlib/MSP430FR5xx_6xx"  "../driverlib/MSP430FR5xx_6xx/framctl.c"
'Finished building: ../driverlib/MSP430FR5xx_6xx/framctl.c'
' '
'Building file: ../driverlib/MSP430FR5xx_6xx/eusci_b_i2c.c'
'Invoking: MSP430 Compiler'
"C:/ti/ccsv7/tools/compiler/ti-cgt-msp430_16.9.4.LTS/bin/cl430" -vmspx --data_model=restricted --use_hw_mpy=F5 --include_path="C:/ti/ccsv7/ccs_base/msp430/include" --include_path="C:/Users/nomad/OneDrive/Documents/School/Rowan/Embedded/Milestone1/Milestone_StrangerThings/OutOfBox_MSP430FR6989" --include_path="C:/Users/nomad/OneDrive/Documents/School/Rowan/Embedded/Milestone1/Milestone_StrangerThings/OutOfBox_MSP430FR6989/driverlib/MSP430FR5xx_6xx" --include_path="C:/ti/ccsv7/tools/compiler/ti-cgt-msp430_16.9.4.LTS/include" --advice:power=all --advice:hw_config=all --define=__MSP430FR6989__ --define=_MPU_ENABLE -g --printf_support=minimal --diag_warning=225 --diag_wrap=off --display_error_number --silicon_errata=CPU21 --silicon_errata=CPU22 --silicon_errata=CPU40 --preproc_with_compile --preproc_dependency="driverlib/MSP430FR5xx_6xx/eusci_b_i2c.d" --obj_directory="driverlib/MSP430FR5xx_6xx"  "../driverlib/MSP430FR5xx_6xx/eusci_b_i2c.c"
"../driverlib/MSP430FR5xx_6xx/eusci_b_i2c.c", line 85: remark #1530-D: (ULP 5.1) Detected divide operation(s). Recommend moving them to RAM during run time or not using as these are processing/power intensive
"../driverlib/MSP430FR5xx_6xx/eusci_b_i2c.c", line 208: remark #1528-D: (ULP 3.1) Detected flag polling using UCTXIFG. Recommend using an interrupt combined with enter LPMx and ISR
"../driverlib/MSP430FR5xx_6xx/eusci_b_i2c.c", line 217: remark #1528-D: (ULP 3.1) Detected flag polling using UCTXIFG. Recommend using an interrupt combined with enter LPMx and ISR
"../driverlib/MSP430FR5xx_6xx/eusci_b_i2c.c", line 241: remark #1528-D: (ULP 3.1) Detected flag polling using UCRXIFG. Recommend using an interrupt combined with enter LPMx and ISR
"../driverlib/MSP430FR5xx_6xx/eusci_b_i2c.c", line 267: remark #1528-D: (ULP 3.1) Detected flag polling using UCTXIFG. Recommend using an interrupt combined with enter LPMx and ISR
"../driverlib/MSP430FR5xx_6xx/eusci_b_i2c.c", line 282: remark #1528-D: (ULP 3.1) Detected flag polling using UCTXIFG. Recommend using an interrupt combined with enter LPMx and ISR
"../driverlib/MSP430FR5xx_6xx/eusci_b_i2c.c", line 318: remark #1528-D: (ULP 3.1) Detected flag polling using UCTXIFG. Recommend using an interrupt combined with enter LPMx and ISR
"../driverlib/MSP430FR5xx_6xx/eusci_b_i2c.c", line 344: remark #1528-D: (ULP 3.1) Detected flag polling using UCTXIFG. Recommend using an interrupt combined with enter LPMx and ISR
"../driverlib/MSP430FR5xx_6xx/eusci_b_i2c.c", line 371: remark #1528-D: (ULP 3.1) Detected flag polling using UCTXIFG. Recommend using an interrupt combined with enter LPMx and ISR
"../driverlib/MSP430FR5xx_6xx/eusci_b_i2c.c", line 389: remark #1528-D: (ULP 3.1) Detected flag polling using UCTXIFG. Recommend using an interrupt combined with enter LPMx and ISR
"../driverlib/MSP430FR5xx_6xx/eusci_b_i2c.c", line 414: remark #1528-D: (ULP 3.1) Detected flag polling using UCTXIFG. Recommend using an interrupt combined with enter LPMx and ISR
"../driverlib/MSP430FR5xx_6xx/eusci_b_i2c.c", line 424: remark #1528-D: (ULP 3.1) Detected flag polling using UCTXIFG. Recommend using an interrupt combined with enter LPMx and ISR
"../driverlib/MSP430FR5xx_6xx/eusci_b_i2c.c", line 443: remark #1528-D: (ULP 3.1) Detected flag polling using UCTXIFG. Recommend using an interrupt combined with enter LPMx and ISR
"../driverlib/MSP430FR5xx_6xx/eusci_b_i2c.c", line 459: remark #1528-D: (ULP 3.1) Detected flag polling using UCTXIFG. Recommend using an interrupt combined with enter LPMx and ISR
"../driverlib/MSP430FR5xx_6xx/eusci_b_i2c.c", line 487: remark #1528-D: (ULP 3.1) Detected flag polling using UCTXIFG. Recommend using an interrupt combined with enter LPMx and ISR
"../driverlib/MSP430FR5xx_6xx/eusci_b_i2c.c", line 504: remark #1528-D: (ULP 3.1) Detected flag polling using UCTXIFG. Recommend using an interrupt combined with enter LPMx and ISR
"../driverlib/MSP430FR5xx_6xx/eusci_b_i2c.c", line 544: remark #1528-D: (ULP 3.1) Detected flag polling using UCRXIFG. Recommend using an interrupt combined with enter LPMx and ISR
"../driverlib/MSP430FR5xx_6xx/eusci_b_i2c.c", line 541: remark #1527-D: (ULP 2.1) Detected SW delay loop using empty loop. Recommend using a timer module instead
"../driverlib/MSP430FR5xx_6xx/eusci_b_i2c.c", line 577: remark #1528-D: (ULP 3.1) Detected flag polling using UCRXIFG. Recommend using an interrupt combined with enter LPMx and ISR
"../driverlib/MSP430FR5xx_6xx/eusci_b_i2c.c", line 565: remark #1527-D: (ULP 2.1) Detected SW delay loop using empty loop. Recommend using a timer module instead
"../driverlib/MSP430FR5xx_6xx/eusci_b_i2c.c", line 618: remark #1528-D: (ULP 3.1) Detected flag polling using UCRXIFG0. Recommend using an interrupt combined with enter LPMx and ISR
'Finished building: ../driverlib/MSP430FR5xx_6xx/eusci_b_i2c.c'
' '
'Building file: ../driverlib/MSP430FR5xx_6xx/gpio.c'
'Invoking: MSP430 Compiler'
"C:/ti/ccsv7/tools/compiler/ti-cgt-msp430_16.9.4.LTS/bin/cl430" -vmspx --data_model=restricted --use_hw_mpy=F5 --include_path="C:/ti/ccsv7/ccs_base/msp430/include" --include_path="C:/Users/nomad/OneDrive/Documents/School/Rowan/Embedded/Milestone1/Milestone_StrangerThings/OutOfBox_MSP430FR6989" --include_path="C:/Users/nomad/OneDrive/Documents/School/Rowan/Embedded/Milestone1/Milestone_StrangerThings/OutOfBox_MSP430FR6989/driverlib/MSP430FR5xx_6xx" --include_path="C:/ti/ccsv7/tools/compiler/ti-cgt-msp430_16.9.4.LTS/include" --advice:power=all --advice:hw_config=all --define=__MSP430FR6989__ --define=_MPU_ENABLE -g --printf_support=minimal --diag_warning=225 --diag_wrap=off --display_error_number --silicon_errata=CPU21 --silicon_errata=CPU22 --silicon_errata=CPU40 --preproc_with_compile --preproc_dependency="driverlib/MSP430FR5xx_6xx/gpio.d" --obj_directory="driverlib/MSP430FR5xx_6xx"  "../driverlib/MSP430FR5xx_6xx/gpio.c"
'Finished building: ../driverlib/MSP430FR5xx_6xx/gpio.c'
' '
'Building file: ../driverlib/MSP430FR5xx_6xx/lcd_c.c'
'Invoking: MSP430 Compiler'
"C:/ti/ccsv7/tools/compiler/ti-cgt-msp430_16.9.4.LTS/bin/cl430" -vmspx --data_model=restricted --use_hw_mpy=F5 --include_path="C:/ti/ccsv7/ccs_base/msp430/include" --include_path="C:/Users/nomad/OneDrive/Documents/School/Rowan/Embedded/Milestone1/Milestone_StrangerThings/OutOfBox_MSP430FR6989" --include_path="C:/Users/nomad/OneDrive/Documents/School/Rowan/Embedded/Milestone1/Milestone_StrangerThings/OutOfBox_MSP430FR6989/driverlib/MSP430FR5xx_6xx" --include_path="C:/ti/ccsv7/tools/compiler/ti-cgt-msp430_16.9.4.LTS/include" --advice:power=all --advice:hw_config=all --define=__MSP430FR6989__ --define=_MPU_ENABLE -g --printf_support=minimal --diag_warning=225 --diag_wrap=off --display_error_number --silicon_errata=CPU21 --silicon_errata=CPU22 --silicon_errata=CPU40 --preproc_with_compile --preproc_dependency="driverlib/MSP430FR5xx_6xx/lcd_c.d" --obj_directory="driverlib/MSP430FR5xx_6xx"  "../driverlib/MSP430FR5xx_6xx/lcd_c.c"
"../driverlib/MSP430FR5xx_6xx/lcd_c.c", line 308: remark #1530-D: (ULP 5.1) Detected divide operation(s). Recommend moving them to RAM during run time or not using as these are processing/power intensive
"../driverlib/MSP430FR5xx_6xx/lcd_c.c", line 309: remark #1530-D: (ULP 5.1) Detected divide operation(s). Recommend moving them to RAM during run time or not using as these are processing/power intensive
"../driverlib/MSP430FR5xx_6xx/lcd_c.c", line 313: remark #1530-D: (ULP 5.1) Detected divide operation(s). Recommend moving them to RAM during run time or not using as these are processing/power intensive
"../driverlib/MSP430FR5xx_6xx/lcd_c.c", line 314: remark #1530-D: (ULP 5.1) Detected divide operation(s). Recommend moving them to RAM during run time or not using as these are processing/power intensive
"../driverlib/MSP430FR5xx_6xx/lcd_c.c", line 336: remark #1530-D: (ULP 5.1) Detected divide operation(s). Recommend moving them to RAM during run time or not using as these are processing/power intensive
"../driverlib/MSP430FR5xx_6xx/lcd_c.c", line 337: remark #1530-D: (ULP 5.1) Detected divide operation(s). Recommend moving them to RAM during run time or not using as these are processing/power intensive
"../driverlib/MSP430FR5xx_6xx/lcd_c.c", line 341: remark #1530-D: (ULP 5.1) Detected divide operation(s). Recommend moving them to RAM during run time or not using as these are processing/power intensive
"../driverlib/MSP430FR5xx_6xx/lcd_c.c", line 342: remark #1530-D: (ULP 5.1) Detected divide operation(s). Recommend moving them to RAM during run time or not using as these are processing/power intensive
'Finished building: ../driverlib/MSP430FR5xx_6xx/lcd_c.c'
' '
'Building file: ../driverlib/MSP430FR5xx_6xx/mpy32.c'
'Invoking: MSP430 Compiler'
"C:/ti/ccsv7/tools/compiler/ti-cgt-msp430_16.9.4.LTS/bin/cl430" -vmspx --data_model=restricted --use_hw_mpy=F5 --include_path="C:/ti/ccsv7/ccs_base/msp430/include" --include_path="C:/Users/nomad/OneDrive/Documents/School/Rowan/Embedded/Milestone1/Milestone_StrangerThings/OutOfBox_MSP430FR6989" --include_path="C:/Users/nomad/OneDrive/Documents/School/Rowan/Embedded/Milestone1/Milestone_StrangerThings/OutOfBox_MSP430FR6989/driverlib/MSP430FR5xx_6xx" --include_path="C:/ti/ccsv7/tools/compiler/ti-cgt-msp430_16.9.4.LTS/include" --advice:power=all --advice:hw_config=all --define=__MSP430FR6989__ --define=_MPU_ENABLE -g --printf_support=minimal --diag_warning=225 --diag_wrap=off --display_error_number --silicon_errata=CPU21 --silicon_errata=CPU22 --silicon_errata=CPU40 --preproc_with_compile --preproc_dependency="driverlib/MSP430FR5xx_6xx/mpy32.d" --obj_directory="driverlib/MSP430FR5xx_6xx"  "../driverlib/MSP430FR5xx_6xx/mpy32.c"
'Finished building: ../driverlib/MSP430FR5xx_6xx/mpy32.c'
' '
'Building file: ../driverlib/MSP430FR5xx_6xx/mpu.c'
'Invoking: MSP430 Compiler'
"C:/ti/ccsv7/tools/compiler/ti-cgt-msp430_16.9.4.LTS/bin/cl430" -vmspx --data_model=restricted --use_hw_mpy=F5 --include_path="C:/ti/ccsv7/ccs_base/msp430/include" --include_path="C:/Users/nomad/OneDrive/Documents/School/Rowan/Embedded/Milestone1/Milestone_StrangerThings/OutOfBox_MSP430FR6989" --include_path="C:/Users/nomad/OneDrive/Documents/School/Rowan/Embedded/Milestone1/Milestone_StrangerThings/OutOfBox_MSP430FR6989/driverlib/MSP430FR5xx_6xx" --include_path="C:/ti/ccsv7/tools/compiler/ti-cgt-msp430_16.9.4.LTS/include" --advice:power=all --advice:hw_config=all --define=__MSP430FR6989__ --define=_MPU_ENABLE -g --printf_support=minimal --diag_warning=225 --diag_wrap=off --display_error_number --silicon_errata=CPU21 --silicon_errata=CPU22 --silicon_errata=CPU40 --preproc_with_compile --preproc_dependency="driverlib/MSP430FR5xx_6xx/mpu.d" --obj_directory="driverlib/MSP430FR5xx_6xx"  "../driverlib/MSP430FR5xx_6xx/mpu.c"
'Finished building: ../driverlib/MSP430FR5xx_6xx/mpu.c'
' '
'Building file: ../driverlib/MSP430FR5xx_6xx/pmm.c'
'Invoking: MSP430 Compiler'
"C:/ti/ccsv7/tools/compiler/ti-cgt-msp430_16.9.4.LTS/bin/cl430" -vmspx --data_model=restricted --use_hw_mpy=F5 --include_path="C:/ti/ccsv7/ccs_base/msp430/include" --include_path="C:/Users/nomad/OneDrive/Documents/School/Rowan/Embedded/Milestone1/Milestone_StrangerThings/OutOfBox_MSP430FR6989" --include_path="C:/Users/nomad/OneDrive/Documents/School/Rowan/Embedded/Milestone1/Milestone_StrangerThings/OutOfBox_MSP430FR6989/driverlib/MSP430FR5xx_6xx" --include_path="C:/ti/ccsv7/tools/compiler/ti-cgt-msp430_16.9.4.LTS/include" --advice:power=all --advice:hw_config=all --define=__MSP430FR6989__ --define=_MPU_ENABLE -g --printf_support=minimal --diag_warning=225 --diag_wrap=off --display_error_number --silicon_errata=CPU21 --silicon_errata=CPU22 --silicon_errata=CPU40 --preproc_with_compile --preproc_dependency="driverlib/MSP430FR5xx_6xx/pmm.d" --obj_directory="driverlib/MSP430FR5xx_6xx"  "../driverlib/MSP430FR5xx_6xx/pmm.c"
'Finished building: ../driverlib/MSP430FR5xx_6xx/pmm.c'
' '
'Building file: ../driverlib/MSP430FR5xx_6xx/rtc_b.c'
'Invoking: MSP430 Compiler'
"C:/ti/ccsv7/tools/compiler/ti-cgt-msp430_16.9.4.LTS/bin/cl430" -vmspx --data_model=restricted --use_hw_mpy=F5 --include_path="C:/ti/ccsv7/ccs_base/msp430/include" --include_path="C:/Users/nomad/OneDrive/Documents/School/Rowan/Embedded/Milestone1/Milestone_StrangerThings/OutOfBox_MSP430FR6989" --include_path="C:/Users/nomad/OneDrive/Documents/School/Rowan/Embedded/Milestone1/Milestone_StrangerThings/OutOfBox_MSP430FR6989/driverlib/MSP430FR5xx_6xx" --include_path="C:/ti/ccsv7/tools/compiler/ti-cgt-msp430_16.9.4.LTS/include" --advice:power=all --advice:hw_config=all --define=__MSP430FR6989__ --define=_MPU_ENABLE -g --printf_support=minimal --diag_warning=225 --diag_wrap=off --display_error_number --silicon_errata=CPU21 --silicon_errata=CPU22 --silicon_errata=CPU40 --preproc_with_compile --preproc_dependency="driverlib/MSP430FR5xx_6xx/rtc_b.d" --obj_directory="driverlib/MSP430FR5xx_6xx"  "../driverlib/MSP430FR5xx_6xx/rtc_b.c"
'Finished building: ../driverlib/MSP430FR5xx_6xx/rtc_b.c'
' '
'Building file: ../driverlib/MSP430FR5xx_6xx/ram.c'
'Invoking: MSP430 Compiler'
"C:/ti/ccsv7/tools/compiler/ti-cgt-msp430_16.9.4.LTS/bin/cl430" -vmspx --data_model=restricted --use_hw_mpy=F5 --include_path="C:/ti/ccsv7/ccs_base/msp430/include" --include_path="C:/Users/nomad/OneDrive/Documents/School/Rowan/Embedded/Milestone1/Milestone_StrangerThings/OutOfBox_MSP430FR6989" --include_path="C:/Users/nomad/OneDrive/Documents/School/Rowan/Embedded/Milestone1/Milestone_StrangerThings/OutOfBox_MSP430FR6989/driverlib/MSP430FR5xx_6xx" --include_path="C:/ti/ccsv7/tools/compiler/ti-cgt-msp430_16.9.4.LTS/include" --advice:power=all --advice:hw_config=all --define=__MSP430FR6989__ --define=_MPU_ENABLE -g --printf_support=minimal --diag_warning=225 --diag_wrap=off --display_error_number --silicon_errata=CPU21 --silicon_errata=CPU22 --silicon_errata=CPU40 --preproc_with_compile --preproc_dependency="driverlib/MSP430FR5xx_6xx/ram.d" --obj_directory="driverlib/MSP430FR5xx_6xx"  "../driverlib/MSP430FR5xx_6xx/ram.c"
'Finished building: ../driverlib/MSP430FR5xx_6xx/ram.c'
' '
'Building file: ../driverlib/MSP430FR5xx_6xx/ref_a.c'
'Invoking: MSP430 Compiler'
"C:/ti/ccsv7/tools/compiler/ti-cgt-msp430_16.9.4.LTS/bin/cl430" -vmspx --data_model=restricted --use_hw_mpy=F5 --include_path="C:/ti/ccsv7/ccs_base/msp430/include" --include_path="C:/Users/nomad/OneDrive/Documents/School/Rowan/Embedded/Milestone1/Milestone_StrangerThings/OutOfBox_MSP430FR6989" --include_path="C:/Users/nomad/OneDrive/Documents/School/Rowan/Embedded/Milestone1/Milestone_StrangerThings/OutOfBox_MSP430FR6989/driverlib/MSP430FR5xx_6xx" --include_path="C:/ti/ccsv7/tools/compiler/ti-cgt-msp430_16.9.4.LTS/include" --advice:power=all --advice:hw_config=all --define=__MSP430FR6989__ --define=_MPU_ENABLE -g --printf_support=minimal --diag_warning=225 --diag_wrap=off --display_error_number --silicon_errata=CPU21 --silicon_errata=CPU22 --silicon_errata=CPU40 --preproc_with_compile --preproc_dependency="driverlib/MSP430FR5xx_6xx/ref_a.d" --obj_directory="driverlib/MSP430FR5xx_6xx"  "../driverlib/MSP430FR5xx_6xx/ref_a.c"
'Finished building: ../driverlib/MSP430FR5xx_6xx/ref_a.c'
' '
'Building file: ../driverlib/MSP430FR5xx_6xx/sfr.c'
'Invoking: MSP430 Compiler'
"C:/ti/ccsv7/tools/compiler/ti-cgt-msp430_16.9.4.LTS/bin/cl430" -vmspx --data_model=restricted --use_hw_mpy=F5 --include_path="C:/ti/ccsv7/ccs_base/msp430/include" --include_path="C:/Users/nomad/OneDrive/Documents/School/Rowan/Embedded/Milestone1/Milestone_StrangerThings/OutOfBox_MSP430FR6989" --include_path="C:/Users/nomad/OneDrive/Documents/School/Rowan/Embedded/Milestone1/Milestone_StrangerThings/OutOfBox_MSP430FR6989/driverlib/MSP430FR5xx_6xx" --include_path="C:/ti/ccsv7/tools/compiler/ti-cgt-msp430_16.9.4.LTS/include" --advice:power=all --advice:hw_config=all --define=__MSP430FR6989__ --define=_MPU_ENABLE -g --printf_support=minimal --diag_warning=225 --diag_wrap=off --display_error_number --silicon_errata=CPU21 --silicon_errata=CPU22 --silicon_errata=CPU40 --preproc_with_compile --preproc_dependency="driverlib/MSP430FR5xx_6xx/sfr.d" --obj_directory="driverlib/MSP430FR5xx_6xx"  "../driverlib/MSP430FR5xx_6xx/sfr.c"
'Finished building: ../driverlib/MSP430FR5xx_6xx/sfr.c'
' '
'Building file: ../driverlib/MSP430FR5xx_6xx/sysctl.c'
'Invoking: MSP430 Compiler'
"C:/ti/ccsv7/tools/compiler/ti-cgt-msp430_16.9.4.LTS/bin/cl430" -vmspx --data_model=restricted --use_hw_mpy=F5 --include_path="C:/ti/ccsv7/ccs_base/msp430/include" --include_path="C:/Users/nomad/OneDrive/Documents/School/Rowan/Embedded/Milestone1/Milestone_StrangerThings/OutOfBox_MSP430FR6989" --include_path="C:/Users/nomad/OneDrive/Documents/School/Rowan/Embedded/Milestone1/Milestone_StrangerThings/OutOfBox_MSP430FR6989/driverlib/MSP430FR5xx_6xx" --include_path="C:/ti/ccsv7/tools/compiler/ti-cgt-msp430_16.9.4.LTS/include" --advice:power=all --advice:hw_config=all --define=__MSP430FR6989__ --define=_MPU_ENABLE -g --printf_support=minimal --diag_warning=225 --diag_wrap=off --display_error_number --silicon_errata=CPU21 --silicon_errata=CPU22 --silicon_errata=CPU40 --preproc_with_compile --preproc_dependency="driverlib/MSP430FR5xx_6xx/sysctl.d" --obj_directory="driverlib/MSP430FR5xx_6xx"  "../driverlib/MSP430FR5xx_6xx/sysctl.c"
'Finished building: ../driverlib/MSP430FR5xx_6xx/sysctl.c'
' '
'Building file: ../driverlib/MSP430FR5xx_6xx/rtc_c.c'
'Invoking: MSP430 Compiler'
"C:/ti/ccsv7/tools/compiler/ti-cgt-msp430_16.9.4.LTS/bin/cl430" -vmspx --data_model=restricted --use_hw_mpy=F5 --include_path="C:/ti/ccsv7/ccs_base/msp430/include" --include_path="C:/Users/nomad/OneDrive/Documents/School/Rowan/Embedded/Milestone1/Milestone_StrangerThings/OutOfBox_MSP430FR6989" --include_path="C:/Users/nomad/OneDrive/Documents/School/Rowan/Embedded/Milestone1/Milestone_StrangerThings/OutOfBox_MSP430FR6989/driverlib/MSP430FR5xx_6xx" --include_path="C:/ti/ccsv7/tools/compiler/ti-cgt-msp430_16.9.4.LTS/include" --advice:power=all --advice:hw_config=all --define=__MSP430FR6989__ --define=_MPU_ENABLE -g --printf_support=minimal --diag_warning=225 --diag_wrap=off --display_error_number --silicon_errata=CPU21 --silicon_errata=CPU22 --silicon_errata=CPU40 --preproc_with_compile --preproc_dependency="driverlib/MSP430FR5xx_6xx/rtc_c.d" --obj_directory="driverlib/MSP430FR5xx_6xx"  "../driverlib/MSP430FR5xx_6xx/rtc_c.c"
"../driverlib/MSP430FR5xx_6xx/rtc_c.c", line 100: remark #1527-D: (ULP 2.1) Detected SW delay loop using empty loop. Recommend using a timer module instead
"../driverlib/MSP430FR5xx_6xx/rtc_c.c", line 143: remark #1527-D: (ULP 2.1) Detected SW delay loop using empty loop. Recommend using a timer module instead
"../driverlib/MSP430FR5xx_6xx/rtc_c.c", line 149: remark #1546-D: (ULP 15.1) Detected consecutive bitfield assigns. Recommend using bit mask instead
"../driverlib/MSP430FR5xx_6xx/rtc_c.c", line 150: remark #1546-D: (ULP 15.1) Detected consecutive bitfield assigns. Recommend using bit mask instead
"../driverlib/MSP430FR5xx_6xx/rtc_c.c", line 151: remark #1546-D: (ULP 15.1) Detected consecutive bitfield assigns. Recommend using bit mask instead
"../driverlib/MSP430FR5xx_6xx/rtc_c.c", line 152: remark #1546-D: (ULP 15.1) Detected consecutive bitfield assigns. Recommend using bit mask instead
"../driverlib/MSP430FR5xx_6xx/rtc_c.c", line 153: remark #1546-D: (ULP 15.1) Detected consecutive bitfield assigns. Recommend using bit mask instead
"../driverlib/MSP430FR5xx_6xx/rtc_c.c", line 154: remark #1546-D: (ULP 15.1) Detected consecutive bitfield assigns. Recommend using bit mask instead
'Finished building: ../driverlib/MSP430FR5xx_6xx/rtc_c.c'
' '
'Building file: ../driverlib/MSP430FR5xx_6xx/timer_a.c'
'Invoking: MSP430 Compiler'
"C:/ti/ccsv7/tools/compiler/ti-cgt-msp430_16.9.4.LTS/bin/cl430" -vmspx --data_model=restricted --use_hw_mpy=F5 --include_path="C:/ti/ccsv7/ccs_base/msp430/include" --include_path="C:/Users/nomad/OneDrive/Documents/School/Rowan/Embedded/Milestone1/Milestone_StrangerThings/OutOfBox_MSP430FR6989" --include_path="C:/Users/nomad/OneDrive/Documents/School/Rowan/Embedded/Milestone1/Milestone_StrangerThings/OutOfBox_MSP430FR6989/driverlib/MSP430FR5xx_6xx" --include_path="C:/ti/ccsv7/tools/compiler/ti-cgt-msp430_16.9.4.LTS/include" --advice:power=all --advice:hw_config=all --define=__MSP430FR6989__ --define=_MPU_ENABLE -g --printf_support=minimal --diag_warning=225 --diag_wrap=off --display_error_number --silicon_errata=CPU21 --silicon_errata=CPU22 --silicon_errata=CPU40 --preproc_with_compile --preproc_dependency="driverlib/MSP430FR5xx_6xx/timer_a.d" --obj_directory="driverlib/MSP430FR5xx_6xx"  "../driverlib/MSP430FR5xx_6xx/timer_a.c"
'Finished building: ../driverlib/MSP430FR5xx_6xx/timer_a.c'
' '
'Building file: ../driverlib/MSP430FR5xx_6xx/tlv.c'
'Invoking: MSP430 Compiler'
"C:/ti/ccsv7/tools/compiler/ti-cgt-msp430_16.9.4.LTS/bin/cl430" -vmspx --data_model=restricted --use_hw_mpy=F5 --include_path="C:/ti/ccsv7/ccs_base/msp430/include" --include_path="C:/Users/nomad/OneDrive/Documents/School/Rowan/Embedded/Milestone1/Milestone_StrangerThings/OutOfBox_MSP430FR6989" --include_path="C:/Users/nomad/OneDrive/Documents/School/Rowan/Embedded/Milestone1/Milestone_StrangerThings/OutOfBox_MSP430FR6989/driverlib/MSP430FR5xx_6xx" --include_path="C:/ti/ccsv7/tools/compiler/ti-cgt-msp430_16.9.4.LTS/include" --advice:power=all --advice:hw_config=all --define=__MSP430FR6989__ --define=_MPU_ENABLE -g --printf_support=minimal --diag_warning=225 --diag_wrap=off --display_error_number --silicon_errata=CPU21 --silicon_errata=CPU22 --silicon_errata=CPU40 --preproc_with_compile --preproc_dependency="driverlib/MSP430FR5xx_6xx/tlv.d" --obj_directory="driverlib/MSP430FR5xx_6xx"  "../driverlib/MSP430FR5xx_6xx/tlv.c"
'Finished building: ../driverlib/MSP430FR5xx_6xx/tlv.c'
' '
'Building file: ../driverlib/MSP430FR5xx_6xx/wdt_a.c'
'Invoking: MSP430 Compiler'
"C:/ti/ccsv7/tools/compiler/ti-cgt-msp430_16.9.4.LTS/bin/cl430" -vmspx --data_model=restricted --use_hw_mpy=F5 --include_path="C:/ti/ccsv7/ccs_base/msp430/include" --include_path="C:/Users/nomad/OneDrive/Documents/School/Rowan/Embedded/Milestone1/Milestone_StrangerThings/OutOfBox_MSP430FR6989" --include_path="C:/Users/nomad/OneDrive/Documents/School/Rowan/Embedded/Milestone1/Milestone_StrangerThings/OutOfBox_MSP430FR6989/driverlib/MSP430FR5xx_6xx" --include_path="C:/ti/ccsv7/tools/compiler/ti-cgt-msp430_16.9.4.LTS/include" --advice:power=all --advice:hw_config=all --define=__MSP430FR6989__ --define=_MPU_ENABLE -g --printf_support=minimal --diag_warning=225 --diag_wrap=off --display_error_number --silicon_errata=CPU21 --silicon_errata=CPU22 --silicon_errata=CPU40 --preproc_with_compile --preproc_dependency="driverlib/MSP430FR5xx_6xx/wdt_a.d" --obj_directory="driverlib/MSP430FR5xx_6xx"  "../driverlib/MSP430FR5xx_6xx/wdt_a.c"
'Finished building: ../driverlib/MSP430FR5xx_6xx/wdt_a.c'
' '
'Building file: ../driverlib/MSP430FR5xx_6xx/timer_b.c'
'Invoking: MSP430 Compiler'
"C:/ti/ccsv7/tools/compiler/ti-cgt-msp430_16.9.4.LTS/bin/cl430" -vmspx --data_model=restricted --use_hw_mpy=F5 --include_path="C:/ti/ccsv7/ccs_base/msp430/include" --include_path="C:/Users/nomad/OneDrive/Documents/School/Rowan/Embedded/Milestone1/Milestone_StrangerThings/OutOfBox_MSP430FR6989" --include_path="C:/Users/nomad/OneDrive/Documents/School/Rowan/Embedded/Milestone1/Milestone_StrangerThings/OutOfBox_MSP430FR6989/driverlib/MSP430FR5xx_6xx" --include_path="C:/ti/ccsv7/tools/compiler/ti-cgt-msp430_16.9.4.LTS/include" --advice:power=all --advice:hw_config=all --define=__MSP430FR6989__ --define=_MPU_ENABLE -g --printf_support=minimal --diag_warning=225 --diag_wrap=off --display_error_number --silicon_errata=CPU21 --silicon_errata=CPU22 --silicon_errata=CPU40 --preproc_with_compile --preproc_dependency="driverlib/MSP430FR5xx_6xx/timer_b.d" --obj_directory="driverlib/MSP430FR5xx_6xx"  "../driverlib/MSP430FR5xx_6xx/timer_b.c"
'Finished building: ../driverlib/MSP430FR5xx_6xx/timer_b.c'
' '
'Building target: OutOfBox_MSP430FR6989.out'
'Invoking: MSP430 Linker'
"C:/ti/ccsv7/tools/compiler/ti-cgt-msp430_16.9.4.LTS/bin/cl430" -vmspx --data_model=restricted --use_hw_mpy=F5 --advice:power=all --advice:hw_config=all --define=__MSP430FR6989__ --define=_MPU_ENABLE -g --printf_support=minimal --diag_warning=225 --diag_wrap=off --display_error_number --silicon_errata=CPU21 --silicon_errata=CPU22 --silicon_errata=CPU40 -z -m"OutOfBox_MSP430FR6989.map" --heap_size=160 --stack_size=160 --cinit_hold_wdt=on -i"C:/ti/ccsv7/ccs_base/msp430/include" -i"C:/ti/ccsv7/ccs_base/msp430/lib/5xx_6xx_FRxx" -i"C:/ti/ccsv7/ccs_base/msp430/lib/FR59xx" -i"C:/ti/ccsv7/tools/compiler/ti-cgt-msp430_16.9.4.LTS/lib" -i"C:/ti/ccsv7/tools/compiler/ti-cgt-msp430_16.9.4.LTS/include" --priority --reread_libs --define=_MPU_ENABLE --diag_wrap=off --display_error_number --warn_sections --xml_link_info="OutOfBox_MSP430FR6989_linkInfo.xml" --use_hw_mpy=F5 --rom_model -o "OutOfBox_MSP430FR6989.out" "./StopWatchMode.obj" "./TempSensorMode.obj" "./hal_LCD.obj" "./main.obj" "./driverlib/MSP430FR5xx_6xx/adc12_b.obj" "./driverlib/MSP430FR5xx_6xx/aes256.obj" "./driverlib/MSP430FR5xx_6xx/comp_e.obj" "./driverlib/MSP430FR5xx_6xx/crc.obj" "./driverlib/MSP430FR5xx_6xx/crc32.obj" "./driverlib/MSP430FR5xx_6xx/cs.obj" "./driverlib/MSP430FR5xx_6xx/dma.obj" "./driverlib/MSP430FR5xx_6xx/esi.obj" "./driverlib/MSP430FR5xx_6xx/eusci_a_spi.obj" "./driverlib/MSP430FR5xx_6xx/eusci_a_uart.obj" "./driverlib/MSP430FR5xx_6xx/eusci_b_i2c.obj" "./driverlib/MSP430FR5xx_6xx/eusci_b_spi.obj" "./driverlib/MSP430FR5xx_6xx/framctl.obj" "./driverlib/MSP430FR5xx_6xx/gpio.obj" "./driverlib/MSP430FR5xx_6xx/lcd_c.obj" "./driverlib/MSP430FR5xx_6xx/mpu.obj" "./driverlib/MSP430FR5xx_6xx/mpy32.obj" "./driverlib/MSP430FR5xx_6xx/pmm.obj" "./driverlib/MSP430FR5xx_6xx/ram.obj" "./driverlib/MSP430FR5xx_6xx/ref_a.obj" "./driverlib/MSP430FR5xx_6xx/rtc_b.obj" "./driverlib/MSP430FR5xx_6xx/rtc_c.obj" "./driverlib/MSP430FR5xx_6xx/sfr.obj" "./driverlib/MSP430FR5xx_6xx/sysctl.obj" "./driverlib/MSP430FR5xx_6xx/timer_a.obj" "./driverlib/MSP430FR5xx_6xx/timer_b.obj" "./driverlib/MSP430FR5xx_6xx/tlv.obj" "./driverlib/MSP430FR5xx_6xx/wdt_a.obj" "../lnk_msp430fr6989.cmd"  -llibmpu_init.a -llibmath.a -llibc.a 
<Linking>
warning #10420-D: For FRAM devices, at start up, the GPIO power-on default high-impedance mode needs to be disabled to activate previously configured port settings. This can be done by clearing the LOCKLPM5 bit in PM5CTL0 register.
remark #10372-D: (ULP 4.1) Detected uninitialized Port A in this project. Recommend initializing all unused ports to eliminate wasted current consumption on unused pins.
remark #10372-D: (ULP 4.1) Detected uninitialized Port B in this project. Recommend initializing all unused ports to eliminate wasted current consumption on unused pins.
remark #10372-D: (ULP 4.1) Detected uninitialized Port C in this project. Recommend initializing all unused ports to eliminate wasted current consumption on unused pins.
remark #10372-D: (ULP 4.1) Detected uninitialized Port D in this project. Recommend initializing all unused ports to eliminate wasted current consumption on unused pins.
remark #10372-D: (ULP 4.1) Detected uninitialized Port E in this project. Recommend initializing all unused ports to eliminate wasted current consumption on unused pins.
'Finished building target: OutOfBox_MSP430FR6989.out'
' '
'Invoking: MSP430 Hex Utility'
"C:/ti/ccsv7/tools/compiler/ti-cgt-msp430_16.9.4.LTS/bin/hex430" --memwidth=8 --romwidth=8 --ti_txt -o "OutOfBox_MSP430FR6989.txt"  "OutOfBox_MSP430FR6989.out" 
Translating to TI-TXT format...
   "OutOfBox_MSP430FR6989.out" .text:_isr ==> .text:_isr
   "OutOfBox_MSP430FR6989.out" .const ==> .const
   "OutOfBox_MSP430FR6989.out" .cinit ==> .cinit
   "OutOfBox_MSP430FR6989.out" $fill000 ==> $fill000
   "OutOfBox_MSP430FR6989.out" $fill001 ==> $fill001
   "OutOfBox_MSP430FR6989.out" $fill002 ==> $fill002
   "OutOfBox_MSP430FR6989.out" AES256 ==> AES256
   "OutOfBox_MSP430FR6989.out" RTC ==> RTC
   "OutOfBox_MSP430FR6989.out" LCD_C ==> LCD_C
   "OutOfBox_MSP430FR6989.out" PORT4 ==> PORT4
   "OutOfBox_MSP430FR6989.out" PORT3 ==> PORT3
   "OutOfBox_MSP430FR6989.out" TIMER3_A1 ==> TIMER3_A1
   "OutOfBox_MSP430FR6989.out" TIMER3_A0 ==> TIMER3_A0
   "OutOfBox_MSP430FR6989.out" PORT2 ==> PORT2
   "OutOfBox_MSP430FR6989.out" TIMER2_A1 ==> TIMER2_A1
   "OutOfBox_MSP430FR6989.out" TIMER2_A0 ==> TIMER2_A0
   "OutOfBox_MSP430FR6989.out" PORT1 ==> PORT1
   "OutOfBox_MSP430FR6989.out" TIMER1_A1 ==> TIMER1_A1
   "OutOfBox_MSP430FR6989.out" TIMER1_A0 ==> TIMER1_A0
   "OutOfBox_MSP430FR6989.out" DMA ==> DMA
   "OutOfBox_MSP430FR6989.out" USCI_B1 ==> USCI_B1
   "OutOfBox_MSP430FR6989.out" USCI_A1 ==> USCI_A1
   "OutOfBox_MSP430FR6989.out" TIMER0_A1 ==> TIMER0_A1
   "OutOfBox_MSP430FR6989.out" TIMER0_A0 ==> TIMER0_A0
   "OutOfBox_MSP430FR6989.out" ADC12 ==> ADC12
   "OutOfBox_MSP430FR6989.out" USCI_B0 ==> USCI_B0
   "OutOfBox_MSP430FR6989.out" USCI_A0 ==> USCI_A0
   "OutOfBox_MSP430FR6989.out" ESCAN_IF ==> ESCAN_IF
   "OutOfBox_MSP430FR6989.out" WDT ==> WDT
   "OutOfBox_MSP430FR6989.out" TIMER0_B1 ==> TIMER0_B1
   "OutOfBox_MSP430FR6989.out" TIMER0_B0 ==> TIMER0_B0
   "OutOfBox_MSP430FR6989.out" COMP_E ==> COMP_E
   "OutOfBox_MSP430FR6989.out" UNMI ==> UNMI
   "OutOfBox_MSP430FR6989.out" SYSNMI ==> SYSNMI
   "OutOfBox_MSP430FR6989.out" .reset ==> .reset
   "OutOfBox_MSP430FR6989.out" .text ==> .text
'Finished building: OutOfBox_MSP430FR6989.txt'
' '

**** Build Finished ****
